[debug] [2021-03-19T17:00:31.210Z] ----------------------------------------------------------------------
[debug] [2021-03-19T17:00:31.213Z] Command:       C:\Program Files\nodejs\node.exe C:\Users\shajit\AppData\Roaming\npm\node_modules\firebase-tools\lib\bin\firebase.js init
[debug] [2021-03-19T17:00:31.213Z] CLI Version:   9.6.1
[debug] [2021-03-19T17:00:31.213Z] Platform:      win32
[debug] [2021-03-19T17:00:31.213Z] Node Version:  v14.15.3
[debug] [2021-03-19T17:00:31.217Z] Time:          Fri Mar 19 2021 23:00:31 GMT+0600 (Bangladesh Standard Time)
[debug] [2021-03-19T17:00:31.217Z] ----------------------------------------------------------------------
[debug] [2021-03-19T17:00:31.217Z] 
[debug] [2021-03-19T17:00:31.221Z] >>> [apiv2][query] GET https://firebase-public.firebaseio.com/cli.json [none]
[debug] [2021-03-19T17:00:31.249Z] > command requires scopes: ["email","openid","https://www.googleapis.com/auth/cloudplatformprojects.readonly","https://www.googleapis.com/auth/firebase","https://www.googleapis.com/auth/cloud-platform"]
[debug] [2021-03-19T17:00:31.250Z] > authorizing via signed-in user
[info] 
     ######## #### ########  ######## ########     ###     ######  ########
     ##        ##  ##     ## ##       ##     ##  ##   ##  ##       ##
     ######    ##  ########  ######   ########  #########  ######  ######
     ##        ##  ##    ##  ##       ##     ## ##     ##       ## ##
     ##       #### ##     ## ######## ########  ##     ##  ######  ########

You're about to initialize a Firebase project in this directory:

  C:\webDevelopment\Assignments\assignment9\awesome-transport

Before we get started, keep in mind:

  * You are currently outside your home directory
  * You are initializing in an existing Firebase project directory

[debug] [2021-03-19T17:00:33.660Z] <<< [apiv2][status] GET https://firebase-public.firebaseio.com/cli.json 200
[debug] [2021-03-19T17:00:33.660Z] <<< [apiv2][body] GET https://firebase-public.firebaseio.com/cli.json {"cloudBuildErrorAfter":1594252800000,"cloudBuildWarnAfter":1590019200000,"defaultNode10After":1594252800000,"minVersion":"3.0.5","node8DeploysDisabledAfter":1613390400000,"node8RuntimeDisabledAfter":1615809600000,"node8WarnAfter":1600128000000}
[info] 
=== Project Setup
[info] 
[info] First, let's associate this project directory with a Firebase project.
[info] You can create multiple project aliases by running firebase use --add, 
[info] but for now we'll just set up a default project.
[info] 
[info] i  .firebaserc already has a default project, using awesome-transport. 
[debug] [2021-03-19T17:00:37.736Z] > refreshing access token with scopes: []
[debug] [2021-03-19T17:00:37.737Z] >>> HTTP REQUEST POST https://www.googleapis.com/oauth2/v3/token  
 <request body omitted>
[debug] [2021-03-19T17:00:38.123Z] <<< HTTP RESPONSE 200 {"date":"Fri, 19 Mar 2021 17:00:38 GMT","pragma":"no-cache","expires":"Mon, 01 Jan 1990 00:00:00 GMT","cache-control":"no-cache, no-store, max-age=0, must-revalidate","content-type":"application/json; charset=utf-8","vary":"X-Origin, Referer, Origin,Accept-Encoding","server":"scaffolding on HTTPServer2","x-xss-protection":"0","x-frame-options":"SAMEORIGIN","x-content-type-options":"nosniff","alt-svc":"h3-29=\":443\"; ma=2592000,h3-T051=\":443\"; ma=2592000,h3-Q050=\":443\"; ma=2592000,h3-Q046=\":443\"; ma=2592000,h3-Q043=\":443\"; ma=2592000,quic=\":443\"; ma=2592000; v=\"46,43\"","accept-ranges":"none","transfer-encoding":"chunked"}
[debug] [2021-03-19T17:00:38.128Z] >>> [apiv2][query] GET https://firebase.googleapis.com/v1beta1/projects/awesome-transport [none]
[debug] [2021-03-19T17:00:38.680Z] <<< [apiv2][status] GET https://firebase.googleapis.com/v1beta1/projects/awesome-transport 200
[debug] [2021-03-19T17:00:38.680Z] <<< [apiv2][body] GET https://firebase.googleapis.com/v1beta1/projects/awesome-transport {"projectId":"awesome-transport","projectNumber":"14089634329","displayName":"awesome-transport","name":"projects/awesome-transport","resources":{"hostingSite":"awesome-transport"},"state":"ACTIVE"}
[info] 
=== Hosting Setup
[info] 
[info] Your public directory is the folder (relative to your project directory) that
[info] will contain Hosting assets to be uploaded with firebase deploy. If you
[info] have a build process for your assets, use your build's output directory.
[info] 
